<?xml version="1.0" encoding="UTF-8"?>
<testsuite xmlns:xsi="http://www.w3.org/2001/XMLSchema-instance" xsi:noNamespaceSchemaLocation="https://maven.apache.org/surefire/maven-surefire-plugin/xsd/surefire-test-report-3.0.xsd" version="3.0" name="com.sample.GitProjectWithMaven.LoginTest" time="10.936" tests="1" errors="0" skipped="0" failures="1">
  <properties>
    <property name="sun.desktop" value="windows"/>
    <property name="awt.toolkit" value="sun.awt.windows.WToolkit"/>
    <property name="file.encoding.pkg" value="sun.io"/>
    <property name="java.specification.version" value="1.8"/>
    <property name="webdriver.chrome.driver" value="C:\Users\khushi\Downloads\new folder\chromedriver_win32\chromedriver.exe"/>
    <property name="sun.cpu.isalist" value="amd64"/>
    <property name="sun.jnu.encoding" value="Cp1252"/>
    <property name="java.class.path" value="F:\practice workspace\GitProjectWithMaven\target\test-classes;F:\practice workspace\GitProjectWithMaven\target\classes;C:\Users\khushi\.m2\repository\org\testng\testng\7.4.0\testng-7.4.0.jar;C:\Users\khushi\.m2\repository\com\beust\jcommander\1.78\jcommander-1.78.jar;C:\Users\khushi\.m2\repository\org\webjars\jquery\3.5.1\jquery-3.5.1.jar;C:\Users\khushi\.m2\repository\org\seleniumhq\selenium\selenium-java\4.2.2\selenium-java-4.2.2.jar;C:\Users\khushi\.m2\repository\org\seleniumhq\selenium\selenium-api\4.2.2\selenium-api-4.2.2.jar;C:\Users\khushi\.m2\repository\org\seleniumhq\selenium\selenium-chrome-driver\4.2.2\selenium-chrome-driver-4.2.2.jar;C:\Users\khushi\.m2\repository\com\google\auto\service\auto-service-annotations\1.0.1\auto-service-annotations-1.0.1.jar;C:\Users\khushi\.m2\repository\com\google\auto\service\auto-service\1.0.1\auto-service-1.0.1.jar;C:\Users\khushi\.m2\repository\com\google\auto\auto-common\1.2\auto-common-1.2.jar;C:\Users\khushi\.m2\repository\com\google\guava\guava\31.1-jre\guava-31.1-jre.jar;C:\Users\khushi\.m2\repository\com\google\guava\failureaccess\1.0.1\failureaccess-1.0.1.jar;C:\Users\khushi\.m2\repository\com\google\guava\listenablefuture\9999.0-empty-to-avoid-conflict-with-guava\listenablefuture-9999.0-empty-to-avoid-conflict-with-guava.jar;C:\Users\khushi\.m2\repository\com\google\code\findbugs\jsr305\3.0.2\jsr305-3.0.2.jar;C:\Users\khushi\.m2\repository\org\checkerframework\checker-qual\3.12.0\checker-qual-3.12.0.jar;C:\Users\khushi\.m2\repository\com\google\errorprone\error_prone_annotations\2.11.0\error_prone_annotations-2.11.0.jar;C:\Users\khushi\.m2\repository\com\google\j2objc\j2objc-annotations\1.3\j2objc-annotations-1.3.jar;C:\Users\khushi\.m2\repository\org\seleniumhq\selenium\selenium-chromium-driver\4.2.2\selenium-chromium-driver-4.2.2.jar;C:\Users\khushi\.m2\repository\org\seleniumhq\selenium\selenium-json\4.2.2\selenium-json-4.2.2.jar;C:\Users\khushi\.m2\repository\org\seleniumhq\selenium\selenium-devtools-v100\4.2.2\selenium-devtools-v100-4.2.2.jar;C:\Users\khushi\.m2\repository\org\seleniumhq\selenium\selenium-devtools-v101\4.2.2\selenium-devtools-v101-4.2.2.jar;C:\Users\khushi\.m2\repository\org\seleniumhq\selenium\selenium-devtools-v102\4.2.2\selenium-devtools-v102-4.2.2.jar;C:\Users\khushi\.m2\repository\org\seleniumhq\selenium\selenium-devtools-v85\4.2.2\selenium-devtools-v85-4.2.2.jar;C:\Users\khushi\.m2\repository\org\seleniumhq\selenium\selenium-edge-driver\4.2.2\selenium-edge-driver-4.2.2.jar;C:\Users\khushi\.m2\repository\org\seleniumhq\selenium\selenium-firefox-driver\4.2.2\selenium-firefox-driver-4.2.2.jar;C:\Users\khushi\.m2\repository\org\seleniumhq\selenium\selenium-ie-driver\4.2.2\selenium-ie-driver-4.2.2.jar;C:\Users\khushi\.m2\repository\org\seleniumhq\selenium\selenium-opera-driver\4.2.2\selenium-opera-driver-4.2.2.jar;C:\Users\khushi\.m2\repository\org\seleniumhq\selenium\selenium-remote-driver\4.2.2\selenium-remote-driver-4.2.2.jar;C:\Users\khushi\.m2\repository\io\netty\netty-buffer\4.1.77.Final\netty-buffer-4.1.77.Final.jar;C:\Users\khushi\.m2\repository\io\netty\netty-codec-http\4.1.77.Final\netty-codec-http-4.1.77.Final.jar;C:\Users\khushi\.m2\repository\io\netty\netty-codec\4.1.77.Final\netty-codec-4.1.77.Final.jar;C:\Users\khushi\.m2\repository\io\netty\netty-handler\4.1.77.Final\netty-handler-4.1.77.Final.jar;C:\Users\khushi\.m2\repository\io\netty\netty-common\4.1.77.Final\netty-common-4.1.77.Final.jar;C:\Users\khushi\.m2\repository\io\netty\netty-transport-classes-epoll\4.1.77.Final\netty-transport-classes-epoll-4.1.77.Final.jar;C:\Users\khushi\.m2\repository\io\netty\netty-transport-classes-kqueue\4.1.77.Final\netty-transport-classes-kqueue-4.1.77.Final.jar;C:\Users\khushi\.m2\repository\io\netty\netty-transport-native-epoll\4.1.77.Final\netty-transport-native-epoll-4.1.77.Final.jar;C:\Users\khushi\.m2\repository\io\netty\netty-transport-native-kqueue\4.1.77.Final\netty-transport-native-kqueue-4.1.77.Final.jar;C:\Users\khushi\.m2\repository\io\netty\netty-transport-native-unix-common\4.1.77.Final\netty-transport-native-unix-common-4.1.77.Final.jar;C:\Users\khushi\.m2\repository\io\netty\netty-transport\4.1.77.Final\netty-transport-4.1.77.Final.jar;C:\Users\khushi\.m2\repository\io\netty\netty-resolver\4.1.77.Final\netty-resolver-4.1.77.Final.jar;C:\Users\khushi\.m2\repository\io\opentelemetry\opentelemetry-api\1.14.0\opentelemetry-api-1.14.0.jar;C:\Users\khushi\.m2\repository\io\opentelemetry\opentelemetry-context\1.14.0\opentelemetry-context-1.14.0.jar;C:\Users\khushi\.m2\repository\io\opentelemetry\opentelemetry-exporter-logging\1.14.0\opentelemetry-exporter-logging-1.14.0.jar;C:\Users\khushi\.m2\repository\io\opentelemetry\opentelemetry-sdk-metrics\1.14.0\opentelemetry-sdk-metrics-1.14.0.jar;C:\Users\khushi\.m2\repository\io\opentelemetry\opentelemetry-sdk-logs\1.14.0-alpha\opentelemetry-sdk-logs-1.14.0-alpha.jar;C:\Users\khushi\.m2\repository\io\opentelemetry\opentelemetry-sdk-common\1.14.0\opentelemetry-sdk-common-1.14.0.jar;C:\Users\khushi\.m2\repository\io\opentelemetry\opentelemetry-sdk-extension-autoconfigure-spi\1.14.0\opentelemetry-sdk-extension-autoconfigure-spi-1.14.0.jar;C:\Users\khushi\.m2\repository\io\opentelemetry\opentelemetry-sdk-extension-autoconfigure\1.14.0-alpha\opentelemetry-sdk-extension-autoconfigure-1.14.0-alpha.jar;C:\Users\khushi\.m2\repository\io\opentelemetry\opentelemetry-sdk-trace\1.14.0\opentelemetry-sdk-trace-1.14.0.jar;C:\Users\khushi\.m2\repository\io\opentelemetry\opentelemetry-sdk\1.14.0\opentelemetry-sdk-1.14.0.jar;C:\Users\khushi\.m2\repository\io\opentelemetry\opentelemetry-semconv\1.14.0-alpha\opentelemetry-semconv-1.14.0-alpha.jar;C:\Users\khushi\.m2\repository\io\ous\jtoml\2.0.0\jtoml-2.0.0.jar;C:\Users\khushi\.m2\repository\net\bytebuddy\byte-buddy\1.12.10\byte-buddy-1.12.10.jar;C:\Users\khushi\.m2\repository\org\apache\commons\commons-exec\1.3\commons-exec-1.3.jar;C:\Users\khushi\.m2\repository\org\asynchttpclient\async-http-client\2.12.3\async-http-client-2.12.3.jar;C:\Users\khushi\.m2\repository\org\asynchttpclient\async-http-client-netty-utils\2.12.3\async-http-client-netty-utils-2.12.3.jar;C:\Users\khushi\.m2\repository\io\netty\netty-codec-socks\4.1.60.Final\netty-codec-socks-4.1.60.Final.jar;C:\Users\khushi\.m2\repository\io\netty\netty-handler-proxy\4.1.60.Final\netty-handler-proxy-4.1.60.Final.jar;C:\Users\khushi\.m2\repository\io\netty\netty-transport-native-epoll\4.1.60.Final\netty-transport-native-epoll-4.1.60.Final-linux-x86_64.jar;C:\Users\khushi\.m2\repository\io\netty\netty-transport-native-kqueue\4.1.60.Final\netty-transport-native-kqueue-4.1.60.Final-osx-x86_64.jar;C:\Users\khushi\.m2\repository\org\reactivestreams\reactive-streams\1.0.3\reactive-streams-1.0.3.jar;C:\Users\khushi\.m2\repository\com\typesafe\netty\netty-reactive-streams\2.0.4\netty-reactive-streams-2.0.4.jar;C:\Users\khushi\.m2\repository\org\slf4j\slf4j-api\1.7.30\slf4j-api-1.7.30.jar;C:\Users\khushi\.m2\repository\com\sun\activation\jakarta.activation\1.2.2\jakarta.activation-1.2.2.jar;C:\Users\khushi\.m2\repository\org\seleniumhq\selenium\selenium-http\4.2.2\selenium-http-4.2.2.jar;C:\Users\khushi\.m2\repository\dev\failsafe\failsafe\3.2.4\failsafe-3.2.4.jar;C:\Users\khushi\.m2\repository\org\seleniumhq\selenium\selenium-safari-driver\4.2.2\selenium-safari-driver-4.2.2.jar;C:\Users\khushi\.m2\repository\org\seleniumhq\selenium\selenium-support\4.2.2\selenium-support-4.2.2.jar;"/>
    <property name="java.vm.vendor" value="Oracle Corporation"/>
    <property name="sun.arch.data.model" value="64"/>
    <property name="user.variant" value=""/>
    <property name="java.vendor.url" value="http://java.oracle.com/"/>
    <property name="user.timezone" value="Asia/Calcutta"/>
    <property name="java.vm.specification.version" value="1.8"/>
    <property name="os.name" value="Windows 10"/>
    <property name="user.country" value="IN"/>
    <property name="sun.java.launcher" value="SUN_STANDARD"/>
    <property name="sun.boot.library.path" value="C:\Program Files\Java\jdk1.8.0_191\jre\bin"/>
    <property name="sun.java.command" value="C:\Users\khushi\AppData\Local\Temp\surefire8321646362946254169\surefirebooter-20220627173603810_3.jar C:\Users\khushi\AppData\Local\Temp\surefire8321646362946254169 2022-06-27T17-36-02_054-jvmRun1 surefire-20220627173603810_1tmp surefire_0-20220627173603810_2tmp"/>
    <property name="surefire.test.class.path" value="F:\practice workspace\GitProjectWithMaven\target\test-classes;F:\practice workspace\GitProjectWithMaven\target\classes;C:\Users\khushi\.m2\repository\org\testng\testng\7.4.0\testng-7.4.0.jar;C:\Users\khushi\.m2\repository\com\beust\jcommander\1.78\jcommander-1.78.jar;C:\Users\khushi\.m2\repository\org\webjars\jquery\3.5.1\jquery-3.5.1.jar;C:\Users\khushi\.m2\repository\org\seleniumhq\selenium\selenium-java\4.2.2\selenium-java-4.2.2.jar;C:\Users\khushi\.m2\repository\org\seleniumhq\selenium\selenium-api\4.2.2\selenium-api-4.2.2.jar;C:\Users\khushi\.m2\repository\org\seleniumhq\selenium\selenium-chrome-driver\4.2.2\selenium-chrome-driver-4.2.2.jar;C:\Users\khushi\.m2\repository\com\google\auto\service\auto-service-annotations\1.0.1\auto-service-annotations-1.0.1.jar;C:\Users\khushi\.m2\repository\com\google\auto\service\auto-service\1.0.1\auto-service-1.0.1.jar;C:\Users\khushi\.m2\repository\com\google\auto\auto-common\1.2\auto-common-1.2.jar;C:\Users\khushi\.m2\repository\com\google\guava\guava\31.1-jre\guava-31.1-jre.jar;C:\Users\khushi\.m2\repository\com\google\guava\failureaccess\1.0.1\failureaccess-1.0.1.jar;C:\Users\khushi\.m2\repository\com\google\guava\listenablefuture\9999.0-empty-to-avoid-conflict-with-guava\listenablefuture-9999.0-empty-to-avoid-conflict-with-guava.jar;C:\Users\khushi\.m2\repository\com\google\code\findbugs\jsr305\3.0.2\jsr305-3.0.2.jar;C:\Users\khushi\.m2\repository\org\checkerframework\checker-qual\3.12.0\checker-qual-3.12.0.jar;C:\Users\khushi\.m2\repository\com\google\errorprone\error_prone_annotations\2.11.0\error_prone_annotations-2.11.0.jar;C:\Users\khushi\.m2\repository\com\google\j2objc\j2objc-annotations\1.3\j2objc-annotations-1.3.jar;C:\Users\khushi\.m2\repository\org\seleniumhq\selenium\selenium-chromium-driver\4.2.2\selenium-chromium-driver-4.2.2.jar;C:\Users\khushi\.m2\repository\org\seleniumhq\selenium\selenium-json\4.2.2\selenium-json-4.2.2.jar;C:\Users\khushi\.m2\repository\org\seleniumhq\selenium\selenium-devtools-v100\4.2.2\selenium-devtools-v100-4.2.2.jar;C:\Users\khushi\.m2\repository\org\seleniumhq\selenium\selenium-devtools-v101\4.2.2\selenium-devtools-v101-4.2.2.jar;C:\Users\khushi\.m2\repository\org\seleniumhq\selenium\selenium-devtools-v102\4.2.2\selenium-devtools-v102-4.2.2.jar;C:\Users\khushi\.m2\repository\org\seleniumhq\selenium\selenium-devtools-v85\4.2.2\selenium-devtools-v85-4.2.2.jar;C:\Users\khushi\.m2\repository\org\seleniumhq\selenium\selenium-edge-driver\4.2.2\selenium-edge-driver-4.2.2.jar;C:\Users\khushi\.m2\repository\org\seleniumhq\selenium\selenium-firefox-driver\4.2.2\selenium-firefox-driver-4.2.2.jar;C:\Users\khushi\.m2\repository\org\seleniumhq\selenium\selenium-ie-driver\4.2.2\selenium-ie-driver-4.2.2.jar;C:\Users\khushi\.m2\repository\org\seleniumhq\selenium\selenium-opera-driver\4.2.2\selenium-opera-driver-4.2.2.jar;C:\Users\khushi\.m2\repository\org\seleniumhq\selenium\selenium-remote-driver\4.2.2\selenium-remote-driver-4.2.2.jar;C:\Users\khushi\.m2\repository\io\netty\netty-buffer\4.1.77.Final\netty-buffer-4.1.77.Final.jar;C:\Users\khushi\.m2\repository\io\netty\netty-codec-http\4.1.77.Final\netty-codec-http-4.1.77.Final.jar;C:\Users\khushi\.m2\repository\io\netty\netty-codec\4.1.77.Final\netty-codec-4.1.77.Final.jar;C:\Users\khushi\.m2\repository\io\netty\netty-handler\4.1.77.Final\netty-handler-4.1.77.Final.jar;C:\Users\khushi\.m2\repository\io\netty\netty-common\4.1.77.Final\netty-common-4.1.77.Final.jar;C:\Users\khushi\.m2\repository\io\netty\netty-transport-classes-epoll\4.1.77.Final\netty-transport-classes-epoll-4.1.77.Final.jar;C:\Users\khushi\.m2\repository\io\netty\netty-transport-classes-kqueue\4.1.77.Final\netty-transport-classes-kqueue-4.1.77.Final.jar;C:\Users\khushi\.m2\repository\io\netty\netty-transport-native-epoll\4.1.77.Final\netty-transport-native-epoll-4.1.77.Final.jar;C:\Users\khushi\.m2\repository\io\netty\netty-transport-native-kqueue\4.1.77.Final\netty-transport-native-kqueue-4.1.77.Final.jar;C:\Users\khushi\.m2\repository\io\netty\netty-transport-native-unix-common\4.1.77.Final\netty-transport-native-unix-common-4.1.77.Final.jar;C:\Users\khushi\.m2\repository\io\netty\netty-transport\4.1.77.Final\netty-transport-4.1.77.Final.jar;C:\Users\khushi\.m2\repository\io\netty\netty-resolver\4.1.77.Final\netty-resolver-4.1.77.Final.jar;C:\Users\khushi\.m2\repository\io\opentelemetry\opentelemetry-api\1.14.0\opentelemetry-api-1.14.0.jar;C:\Users\khushi\.m2\repository\io\opentelemetry\opentelemetry-context\1.14.0\opentelemetry-context-1.14.0.jar;C:\Users\khushi\.m2\repository\io\opentelemetry\opentelemetry-exporter-logging\1.14.0\opentelemetry-exporter-logging-1.14.0.jar;C:\Users\khushi\.m2\repository\io\opentelemetry\opentelemetry-sdk-metrics\1.14.0\opentelemetry-sdk-metrics-1.14.0.jar;C:\Users\khushi\.m2\repository\io\opentelemetry\opentelemetry-sdk-logs\1.14.0-alpha\opentelemetry-sdk-logs-1.14.0-alpha.jar;C:\Users\khushi\.m2\repository\io\opentelemetry\opentelemetry-sdk-common\1.14.0\opentelemetry-sdk-common-1.14.0.jar;C:\Users\khushi\.m2\repository\io\opentelemetry\opentelemetry-sdk-extension-autoconfigure-spi\1.14.0\opentelemetry-sdk-extension-autoconfigure-spi-1.14.0.jar;C:\Users\khushi\.m2\repository\io\opentelemetry\opentelemetry-sdk-extension-autoconfigure\1.14.0-alpha\opentelemetry-sdk-extension-autoconfigure-1.14.0-alpha.jar;C:\Users\khushi\.m2\repository\io\opentelemetry\opentelemetry-sdk-trace\1.14.0\opentelemetry-sdk-trace-1.14.0.jar;C:\Users\khushi\.m2\repository\io\opentelemetry\opentelemetry-sdk\1.14.0\opentelemetry-sdk-1.14.0.jar;C:\Users\khushi\.m2\repository\io\opentelemetry\opentelemetry-semconv\1.14.0-alpha\opentelemetry-semconv-1.14.0-alpha.jar;C:\Users\khushi\.m2\repository\io\ous\jtoml\2.0.0\jtoml-2.0.0.jar;C:\Users\khushi\.m2\repository\net\bytebuddy\byte-buddy\1.12.10\byte-buddy-1.12.10.jar;C:\Users\khushi\.m2\repository\org\apache\commons\commons-exec\1.3\commons-exec-1.3.jar;C:\Users\khushi\.m2\repository\org\asynchttpclient\async-http-client\2.12.3\async-http-client-2.12.3.jar;C:\Users\khushi\.m2\repository\org\asynchttpclient\async-http-client-netty-utils\2.12.3\async-http-client-netty-utils-2.12.3.jar;C:\Users\khushi\.m2\repository\io\netty\netty-codec-socks\4.1.60.Final\netty-codec-socks-4.1.60.Final.jar;C:\Users\khushi\.m2\repository\io\netty\netty-handler-proxy\4.1.60.Final\netty-handler-proxy-4.1.60.Final.jar;C:\Users\khushi\.m2\repository\io\netty\netty-transport-native-epoll\4.1.60.Final\netty-transport-native-epoll-4.1.60.Final-linux-x86_64.jar;C:\Users\khushi\.m2\repository\io\netty\netty-transport-native-kqueue\4.1.60.Final\netty-transport-native-kqueue-4.1.60.Final-osx-x86_64.jar;C:\Users\khushi\.m2\repository\org\reactivestreams\reactive-streams\1.0.3\reactive-streams-1.0.3.jar;C:\Users\khushi\.m2\repository\com\typesafe\netty\netty-reactive-streams\2.0.4\netty-reactive-streams-2.0.4.jar;C:\Users\khushi\.m2\repository\org\slf4j\slf4j-api\1.7.30\slf4j-api-1.7.30.jar;C:\Users\khushi\.m2\repository\com\sun\activation\jakarta.activation\1.2.2\jakarta.activation-1.2.2.jar;C:\Users\khushi\.m2\repository\org\seleniumhq\selenium\selenium-http\4.2.2\selenium-http-4.2.2.jar;C:\Users\khushi\.m2\repository\dev\failsafe\failsafe\3.2.4\failsafe-3.2.4.jar;C:\Users\khushi\.m2\repository\org\seleniumhq\selenium\selenium-safari-driver\4.2.2\selenium-safari-driver-4.2.2.jar;C:\Users\khushi\.m2\repository\org\seleniumhq\selenium\selenium-support\4.2.2\selenium-support-4.2.2.jar;"/>
    <property name="sun.cpu.endian" value="little"/>
    <property name="user.home" value="C:\Users\khushi"/>
    <property name="user.language" value="en"/>
    <property name="java.specification.vendor" value="Oracle Corporation"/>
    <property name="java.home" value="C:\Program Files\Java\jdk1.8.0_191\jre"/>
    <property name="basedir" value="F:\practice workspace\GitProjectWithMaven"/>
    <property name="file.separator" value="\"/>
    <property name="line.separator" value="&#10;"/>
    <property name="java.vm.specification.vendor" value="Oracle Corporation"/>
    <property name="java.specification.name" value="Java Platform API Specification"/>
    <property name="java.awt.graphicsenv" value="sun.awt.Win32GraphicsEnvironment"/>
    <property name="surefire.real.class.path" value="C:\Users\khushi\AppData\Local\Temp\surefire8321646362946254169\surefirebooter-20220627173603810_3.jar"/>
    <property name="sun.boot.class.path" value="C:\Program Files\Java\jdk1.8.0_191\jre\lib\resources.jar;C:\Program Files\Java\jdk1.8.0_191\jre\lib\rt.jar;C:\Program Files\Java\jdk1.8.0_191\jre\lib\sunrsasign.jar;C:\Program Files\Java\jdk1.8.0_191\jre\lib\jsse.jar;C:\Program Files\Java\jdk1.8.0_191\jre\lib\jce.jar;C:\Program Files\Java\jdk1.8.0_191\jre\lib\charsets.jar;C:\Program Files\Java\jdk1.8.0_191\jre\lib\jfr.jar;C:\Program Files\Java\jdk1.8.0_191\jre\classes"/>
    <property name="user.script" value=""/>
    <property name="sun.management.compiler" value="HotSpot 64-Bit Tiered Compilers"/>
    <property name="java.runtime.version" value="1.8.0_191-b12"/>
    <property name="user.name" value="khushi"/>
    <property name="path.separator" value=";"/>
    <property name="os.version" value="10.0"/>
    <property name="java.endorsed.dirs" value="C:\Program Files\Java\jdk1.8.0_191\jre\lib\endorsed"/>
    <property name="java.runtime.name" value="Java(TM) SE Runtime Environment"/>
    <property name="file.encoding" value="Cp1252"/>
    <property name="java.vm.name" value="Java HotSpot(TM) 64-Bit Server VM"/>
    <property name="localRepository" value="C:\Users\khushi\.m2\repository"/>
    <property name="java.vendor.url.bug" value="http://bugreport.sun.com/bugreport/"/>
    <property name="java.io.tmpdir" value="C:\Users\khushi\AppData\Local\Temp\"/>
    <property name="java.version" value="1.8.0_191"/>
    <property name="user.dir" value="F:\practice workspace\GitProjectWithMaven"/>
    <property name="os.arch" value="amd64"/>
    <property name="java.vm.specification.name" value="Java Virtual Machine Specification"/>
    <property name="java.awt.printerjob" value="sun.awt.windows.WPrinterJob"/>
    <property name="sun.os.patch.level" value=""/>
    <property name="java.library.path" value="C:\Program Files\Java\jdk1.8.0_191\jre\bin;C:\Windows\Sun\Java\bin;C:\Windows\system32;C:\Windows;C:/Program Files/Java/jre1.8.0_191/bin/server;C:/Program Files/Java/jre1.8.0_191/bin;C:/Program Files/Java/jre1.8.0_191/lib/amd64;C:\Program Files\Common Files\Oracle\Java\javapath;C:\Program Files (x86)\Common Files\Oracle\Java\javapath;C:\Windows\system32;C:\Windows;C:\Windows\System32\Wbem;C:\Windows\System32\WindowsPowerShell\v1.0\;C:\Windows\System32\OpenSSH\;C:\Program Files\Java\jdk1.8.0_191\bin;C:\Users\khushi\Downloads\apache-ant-1.10.12-bin\apache-ant-1.10.12\bin;C:\Program Files\apache-maven-3.8.5-bin\apache-maven-3.8.5\bin;C:\Program Files\Java\jdk-18.0.1.1\bin;C:\apache-maven-3.8.5-bin\apache-maven-3.8.5\bin;C:\Program Files\dotnet\;C:\Users\khushi\AppData\Local\Programs\Python\Python310\Scripts\;C:\Users\khushi\AppData\Local\Programs\Python\Python310\;C:\Program Files\MySQL\MySQL Shell 8.0\bin\;C:\Selenium Jars\Sikuli Jars\Sikuli_Jar\libs;C:\Users\khushi\AppData\Local\Microsoft\WindowsApps;C:\Users\khushi\.dotnet\tools;C:\Users\khushi\Desktop\eclipse;;."/>
    <property name="java.vm.info" value="mixed mode"/>
    <property name="java.vendor" value="Oracle Corporation"/>
    <property name="java.vm.version" value="25.191-b12"/>
    <property name="java.ext.dirs" value="C:\Program Files\Java\jdk1.8.0_191\jre\lib\ext;C:\Windows\Sun\Java\lib\ext"/>
    <property name="sun.io.unicode.encoding" value="UnicodeLittle"/>
    <property name="java.class.version" value="52.0"/>
  </properties>
  <testcase name="doLogin" classname="com.sample.GitProjectWithMaven.LoginTest" time="0.009">
    <failure type="java.lang.NullPointerException"><![CDATA[java.lang.NullPointerException
	at com.sample.GitProjectWithMaven.LoginTest.doLogin(LoginTest.java:37)
	at sun.reflect.NativeMethodAccessorImpl.invoke0(Native Method)
	at sun.reflect.NativeMethodAccessorImpl.invoke(NativeMethodAccessorImpl.java:62)
	at sun.reflect.DelegatingMethodAccessorImpl.invoke(DelegatingMethodAccessorImpl.java:43)
	at java.lang.reflect.Method.invoke(Method.java:498)
	at org.testng.internal.MethodInvocationHelper.invokeMethod(MethodInvocationHelper.java:133)
	at org.testng.internal.TestInvoker.invokeMethod(TestInvoker.java:598)
	at org.testng.internal.TestInvoker.invokeTestMethod(TestInvoker.java:173)
	at org.testng.internal.MethodRunner.runInSequence(MethodRunner.java:46)
	at org.testng.internal.TestInvoker$MethodInvocationAgent.invoke(TestInvoker.java:824)
	at org.testng.internal.TestInvoker.invokeTestMethods(TestInvoker.java:146)
	at org.testng.internal.TestMethodWorker.invokeTestMethods(TestMethodWorker.java:146)
	at org.testng.internal.TestMethodWorker.run(TestMethodWorker.java:128)
	at java.util.ArrayList.forEach(ArrayList.java:1257)
	at org.testng.TestRunner.privateRun(TestRunner.java:794)
	at org.testng.TestRunner.run(TestRunner.java:596)
	at org.testng.SuiteRunner.runTest(SuiteRunner.java:377)
	at org.testng.SuiteRunner.runSequentially(SuiteRunner.java:371)
	at org.testng.SuiteRunner.privateRun(SuiteRunner.java:332)
	at org.testng.SuiteRunner.run(SuiteRunner.java:276)
	at org.testng.SuiteRunnerWorker.runSuite(SuiteRunnerWorker.java:53)
	at org.testng.SuiteRunnerWorker.run(SuiteRunnerWorker.java:96)
	at org.testng.TestNG.runSuitesSequentially(TestNG.java:1212)
	at org.testng.TestNG.runSuitesLocally(TestNG.java:1134)
	at org.testng.TestNG.runSuites(TestNG.java:1063)
	at org.testng.TestNG.run(TestNG.java:1031)
	at org.apache.maven.surefire.testng.TestNGExecutor.run(TestNGExecutor.java:151)
	at org.apache.maven.surefire.testng.TestNGDirectoryTestSuite.executeSingleClass(TestNGDirectoryTestSuite.java:111)
	at org.apache.maven.surefire.testng.TestNGDirectoryTestSuite.execute(TestNGDirectoryTestSuite.java:98)
	at org.apache.maven.surefire.testng.TestNGProvider.invoke(TestNGProvider.java:155)
	at org.apache.maven.surefire.booter.ForkedBooter.runSuitesInProcess(ForkedBooter.java:456)
	at org.apache.maven.surefire.booter.ForkedBooter.execute(ForkedBooter.java:169)
	at org.apache.maven.surefire.booter.ForkedBooter.run(ForkedBooter.java:595)
	at org.apache.maven.surefire.booter.ForkedBooter.main(ForkedBooter.java:581)
]]></failure>
    <system-out><![CDATA[Launching Browser
Executing Login Test
]]></system-out>
    <system-err><![CDATA[SLF4J: Failed to load class "org.slf4j.impl.StaticLoggerBinder".
SLF4J: Defaulting to no-operation (NOP) logger implementation
SLF4J: See http://www.slf4j.org/codes.html#StaticLoggerBinder for further details.
Starting ChromeDriver 102.0.5005.27 (df4a85108ffad4dca2c409c52f24df7ec0204b91-refs/branch-heads/5005_22@{#4}) on port 60479
Only local connections are allowed.
Please see https://chromedriver.chromium.org/security-considerations for suggestions on keeping ChromeDriver safe.
ChromeDriver was started successfully.
Jun 27, 2022 5:36:08 PM org.openqa.selenium.remote.ProtocolHandshake createSession
INFO: Detected upstream dialect: W3C
Jun 27, 2022 5:36:09 PM org.openqa.selenium.devtools.CdpVersionFinder findNearestMatch
INFO: Found exact CDP implementation for version 102
]]></system-err>
  </testcase>
</testsuite>